{
  "RSpec": {
    "coverage": {
      "/home/mb/ror-simple-project/spec/controllers/books_spec.rb": {
        "lines": [
          1,
          null,
          1,
          1,
          1,
          1,
          1,
          1,
          null,
          null,
          null,
          1,
          1,
          3,
          3,
          null,
          1,
          1,
          1,
          null,
          null,
          1,
          1,
          1,
          null,
          null,
          1,
          1,
          null,
          1,
          null,
          null,
          1,
          1,
          1,
          null,
          null,
          1,
          1,
          null,
          null,
          1,
          1,
          1,
          1,
          1,
          1,
          1,
          null,
          null,
          1,
          1,
          1,
          1,
          1,
          1,
          1,
          1,
          null,
          null,
          1,
          1,
          1,
          1,
          null,
          null,
          null
        ]
      },
      "/home/mb/ror-simple-project/spec/rails_helper.rb": {
        "lines": [
          null,
          1,
          1,
          1,
          null,
          1,
          1,
          null,
          1,
          null,
          null,
          3,
          1,
          null,
          null,
          null,
          null,
          null,
          null,
          null,
          null,
          null,
          null,
          null,
          null,
          null,
          null,
          null,
          null,
          null,
          null,
          null,
          1,
          null,
          0,
          0,
          null,
          1,
          null,
          null,
          1,
          1,
          1,
          null,
          null,
          null,
          null,
          1,
          null,
          null,
          null,
          null,
          null,
          null,
          null,
          null,
          null,
          null,
          null,
          null,
          null,
          null,
          null,
          null,
          null,
          1,
          null,
          null,
          1,
          null,
          null,
          null
        ]
      },
      "/home/mb/ror-simple-project/config/environment.rb": {
        "lines": [
          null,
          1,
          null,
          null,
          1
        ]
      },
      "/home/mb/ror-simple-project/config/application.rb": {
        "lines": [
          1,
          null,
          1,
          null,
          null,
          null,
          1,
          null,
          1,
          1,
          null,
          1,
          null,
          null,
          null,
          null,
          null,
          null,
          null,
          null,
          null,
          null
        ]
      },
      "/home/mb/ror-simple-project/config/boot.rb": {
        "lines": [
          1,
          null,
          1,
          1
        ]
      },
      "/home/mb/ror-simple-project/config/environments/test.rb": {
        "lines": [
          1,
          null,
          null,
          null,
          null,
          null,
          null,
          1,
          null,
          null,
          1,
          1,
          null,
          null,
          null,
          null,
          1,
          null,
          null,
          1,
          1,
          null,
          null,
          null,
          null,
          1,
          1,
          1,
          null,
          null,
          1,
          null,
          null,
          1,
          null,
          null,
          1,
          null,
          1,
          null,
          null,
          null,
          null,
          1,
          null,
          null,
          1,
          null,
          null,
          1,
          null,
          null,
          1,
          null,
          null,
          null,
          null,
          null,
          null,
          null
        ]
      },
      "/home/mb/ror-simple-project/config/initializers/application_controller_renderer.rb": {
        "lines": [
          null,
          null,
          null,
          null,
          null,
          null,
          null,
          null
        ]
      },
      "/home/mb/ror-simple-project/config/initializers/assets.rb": {
        "lines": [
          null,
          null,
          null,
          1,
          null,
          null,
          null,
          null,
          1,
          null,
          null,
          null,
          null,
          null
        ]
      },
      "/home/mb/ror-simple-project/config/initializers/backtrace_silencers.rb": {
        "lines": [
          null,
          null,
          null,
          null,
          null,
          null,
          null,
          1
        ]
      },
      "/home/mb/ror-simple-project/config/initializers/content_security_policy.rb": {
        "lines": [
          null,
          null,
          null,
          null,
          null,
          null,
          null,
          null,
          null,
          null,
          null,
          null,
          null,
          null,
          null,
          null,
          null,
          null,
          null,
          null,
          null,
          null,
          null,
          null,
          null,
          null,
          null,
          null,
          null,
          null
        ]
      },
      "/home/mb/ror-simple-project/config/initializers/cookies_serializer.rb": {
        "lines": [
          null,
          null,
          null,
          null,
          1
        ]
      },
      "/home/mb/ror-simple-project/config/initializers/devise.rb": {
        "lines": [
          null,
          null,
          null,
          null,
          null,
          null,
          null,
          null,
          null,
          null,
          1,
          null,
          null,
          null,
          null,
          null,
          null,
          null,
          null,
          null,
          null,
          null,
          null,
          null,
          null,
          null,
          1,
          null,
          null,
          null,
          null,
          null,
          null,
          null,
          null,
          null,
          null,
          null,
          1,
          null,
          null,
          null,
          null,
          null,
          null,
          null,
          null,
          null,
          null,
          null,
          null,
          null,
          null,
          null,
          null,
          null,
          null,
          null,
          null,
          null,
          1,
          null,
          null,
          null,
          null,
          1,
          null,
          null,
          null,
          null,
          null,
          null,
          null,
          null,
          null,
          null,
          null,
          null,
          null,
          null,
          null,
          null,
          null,
          null,
          null,
          null,
          null,
          null,
          null,
          null,
          null,
          null,
          null,
          null,
          null,
          null,
          null,
          null,
          null,
          1,
          null,
          null,
          null,
          null,
          null,
          null,
          null,
          null,
          null,
          null,
          null,
          null,
          null,
          null,
          null,
          null,
          null,
          null,
          null,
          null,
          null,
          null,
          null,
          null,
          null,
          1,
          null,
          null,
          null,
          null,
          null,
          null,
          null,
          null,
          null,
          null,
          null,
          null,
          null,
          null,
          null,
          null,
          null,
          null,
          null,
          null,
          null,
          null,
          null,
          null,
          null,
          null,
          null,
          null,
          null,
          null,
          null,
          null,
          null,
          1,
          null,
          null,
          null,
          null,
          null,
          null,
          null,
          null,
          null,
          1,
          null,
          null,
          null,
          null,
          null,
          null,
          null,
          null,
          null,
          null,
          1,
          null,
          null,
          null,
          null,
          1,
          null,
          null,
          null,
          null,
          null,
          null,
          null,
          null,
          null,
          null,
          null,
          null,
          null,
          null,
          null,
          null,
          null,
          null,
          null,
          null,
          null,
          null,
          null,
          null,
          null,
          null,
          null,
          null,
          null,
          null,
          null,
          null,
          null,
          null,
          null,
          null,
          null,
          null,
          null,
          null,
          1,
          null,
          null,
          null,
          null,
          null,
          null,
          null,
          null,
          null,
          null,
          null,
          null,
          null,
          null,
          null,
          null,
          null,
          null,
          null,
          null,
          null,
          null,
          null,
          null,
          null,
          null,
          null,
          null,
          null,
          null,
          null,
          null,
          null,
          null,
          null,
          null,
          null,
          null,
          null,
          null,
          null,
          1,
          null,
          null,
          null,
          null,
          null,
          null,
          null,
          null,
          null,
          null,
          null,
          null,
          null,
          null,
          null,
          null,
          null,
          null,
          null,
          null,
          null,
          null,
          null,
          null,
          null,
          null,
          null,
          null,
          null,
          null,
          null,
          null,
          null,
          null,
          null,
          null,
          null,
          null,
          null,
          null,
          null,
          null
        ]
      },
      "/home/mb/ror-simple-project/config/initializers/filter_parameter_logging.rb": {
        "lines": [
          null,
          null,
          null,
          1,
          null,
          null
        ]
      },
      "/home/mb/ror-simple-project/config/initializers/inflections.rb": {
        "lines": [
          null,
          null,
          null,
          null,
          null,
          null,
          null,
          null,
          null,
          null,
          null,
          null,
          null,
          null,
          null,
          null
        ]
      },
      "/home/mb/ror-simple-project/config/initializers/mime_types.rb": {
        "lines": [
          null,
          null,
          null,
          null
        ]
      },
      "/home/mb/ror-simple-project/config/initializers/permissions_policy.rb": {
        "lines": [
          null,
          null,
          null,
          null,
          null,
          null,
          null,
          null,
          null,
          null,
          null
        ]
      },
      "/home/mb/ror-simple-project/config/initializers/rails_admin.rb": {
        "lines": [
          1,
          1,
          0,
          null,
          null,
          null,
          null,
          null,
          null,
          null,
          null,
          null,
          null,
          null,
          null,
          null,
          null,
          null,
          null,
          null,
          null,
          null,
          null,
          null,
          null,
          null,
          null,
          null,
          1,
          1,
          1,
          1,
          1,
          1,
          1,
          1,
          1,
          1,
          null,
          null,
          null,
          null,
          null,
          null
        ]
      },
      "/home/mb/ror-simple-project/config/initializers/wrap_parameters.rb": {
        "lines": [
          null,
          null,
          null,
          null,
          null,
          null,
          1,
          2,
          null,
          null,
          null,
          null,
          null,
          null
        ]
      },
      "/home/mb/ror-simple-project/spec/factories/book.rb": {
        "lines": [
          1,
          1,
          9,
          9,
          9,
          9,
          1,
          8,
          null,
          1,
          11,
          null,
          null,
          null,
          1,
          13,
          15,
          15,
          15,
          null,
          null,
          1,
          5,
          5,
          5,
          5,
          null,
          null
        ]
      },
      "/home/mb/ror-simple-project/app/models/book.rb": {
        "lines": [
          1,
          1,
          1,
          1,
          null,
          1,
          null,
          1,
          3,
          3,
          3,
          3,
          3,
          3,
          3,
          3,
          3,
          3,
          null,
          null,
          3,
          null,
          null,
          1,
          2,
          2,
          2,
          2,
          2,
          2,
          2,
          2,
          null,
          2,
          null,
          1,
          null
        ]
      },
      "/home/mb/ror-simple-project/app/models/application_record.rb": {
        "lines": [
          1,
          1,
          null
        ]
      },
      "/home/mb/ror-simple-project/spec/factories/bookissues.rb": {
        "lines": [
          1,
          1,
          1,
          1,
          null,
          null
        ]
      },
      "/home/mb/ror-simple-project/spec/factories/user.rb": {
        "lines": [
          1,
          1,
          26,
          26,
          1,
          12,
          null,
          null,
          null
        ]
      },
      "/home/mb/ror-simple-project/app/models/user.rb": {
        "lines": [
          1,
          1,
          null,
          null
        ]
      },
      "/home/mb/ror-simple-project/config/routes.rb": {
        "lines": [
          1,
          1,
          1,
          1,
          1,
          1,
          1,
          1,
          null,
          null,
          1,
          1,
          1,
          1,
          1,
          null
        ]
      },
      "/home/mb/ror-simple-project/app/helpers/application_helper.rb": {
        "lines": [
          1,
          null
        ]
      },
      "/home/mb/ror-simple-project/app/helpers/books_helper.rb": {
        "lines": [
          1,
          null
        ]
      },
      "/home/mb/ror-simple-project/app/helpers/issuebook_helper.rb": {
        "lines": [
          1,
          null
        ]
      },
      "/home/mb/ror-simple-project/spec/support/controller_macros.rb": {
        "lines": [
          1,
          1,
          1,
          7,
          7,
          7,
          null,
          null,
          null,
          1,
          1,
          1,
          1,
          null,
          1,
          null,
          null,
          null
        ]
      },
      "/home/mb/ror-simple-project/spec/support/factory_bot.rb": {
        "lines": [
          1,
          1,
          null
        ]
      },
      "/home/mb/ror-simple-project/app/controllers/books_controller.rb": {
        "lines": [
          1,
          1,
          1,
          null,
          null,
          1,
          13,
          null,
          null,
          null,
          1,
          null,
          null,
          1,
          5,
          null,
          null,
          null,
          1,
          null,
          null,
          1,
          6,
          null,
          6,
          6,
          10,
          5,
          null,
          2,
          1,
          null,
          null,
          null,
          null,
          null,
          null,
          1,
          3,
          3,
          4,
          2,
          null,
          2,
          1,
          null,
          null,
          null,
          null,
          null,
          1,
          1,
          1,
          2,
          1,
          null,
          null,
          null,
          1,
          null,
          18,
          null,
          null,
          1,
          null,
          null,
          1,
          12,
          null,
          null,
          null,
          1,
          9,
          null,
          null
        ]
      },
      "/home/mb/ror-simple-project/app/controllers/application_controller.rb": {
        "lines": [
          1,
          null
        ]
      },
      "/home/mb/ror-simple-project/spec/features/book_spec.rb": {
        "lines": [
          1,
          null,
          1,
          1,
          5,
          5,
          3,
          null,
          1,
          4,
          4,
          4,
          4,
          4,
          null,
          4,
          4,
          4,
          4,
          4,
          4,
          4,
          null,
          null,
          null,
          1,
          1,
          1,
          1,
          1,
          1,
          1,
          1,
          1,
          1,
          null,
          1,
          1,
          1,
          1,
          null,
          null,
          1,
          1,
          1,
          null,
          null,
          1,
          1,
          1,
          1,
          1,
          null,
          1,
          1,
          null,
          null,
          1,
          1,
          1,
          1,
          1,
          1,
          1,
          1,
          1,
          1,
          null,
          1,
          1,
          1,
          1,
          null,
          1,
          1,
          1,
          null,
          1,
          null,
          null,
          null,
          1,
          2,
          2,
          1,
          1,
          1,
          1,
          1,
          1,
          1,
          1,
          null,
          1,
          1,
          1,
          1,
          null,
          1,
          1,
          null,
          null,
          null
        ]
      },
      "/home/mb/ror-simple-project/spec/features/home_spec.rb": {
        "lines": [
          1,
          null,
          1,
          1,
          1,
          1,
          1,
          1,
          1,
          1,
          null,
          null,
          1,
          1,
          1,
          null,
          null,
          null,
          1,
          3,
          null,
          1,
          2,
          2,
          2,
          2,
          null,
          null,
          null,
          1,
          1,
          1,
          null,
          null,
          1,
          1,
          1,
          null,
          1,
          1,
          null,
          null,
          null
        ]
      },
      "/home/mb/ror-simple-project/spec/helpers/issuebook_helper_spec.rb": {
        "lines": [
          1,
          null,
          null,
          null,
          null,
          null,
          null,
          null,
          null,
          null,
          null,
          null,
          null,
          null,
          null
        ]
      },
      "/home/mb/ror-simple-project/spec/mailers/library_mailer_spec.rb": {
        "lines": [
          1,
          null,
          1,
          1,
          3,
          null,
          3,
          null,
          1,
          1,
          1,
          1,
          1,
          1,
          null,
          null,
          1,
          1,
          1,
          null,
          null,
          null,
          null,
          1,
          1,
          3,
          3,
          null,
          1,
          1,
          1,
          1,
          1,
          1,
          null,
          null,
          1,
          1,
          null,
          null,
          null
        ]
      },
      "/home/mb/ror-simple-project/app/mailers/library_mailer.rb": {
        "lines": [
          1,
          null,
          null,
          null,
          null,
          null,
          1,
          4,
          4,
          null,
          4,
          null,
          null,
          null,
          null,
          null,
          null,
          null,
          null,
          1,
          3,
          3,
          null,
          3,
          null,
          null,
          null
        ]
      },
      "/home/mb/ror-simple-project/app/mailers/application_mailer.rb": {
        "lines": [
          1,
          1,
          1,
          null
        ]
      },
      "/home/mb/ror-simple-project/spec/mailers/reminder_mailer_spec.rb": {
        "lines": [
          1,
          null,
          1,
          1,
          3,
          3,
          1,
          1,
          1,
          1,
          1,
          1,
          null,
          null,
          1,
          1,
          1,
          null,
          null,
          null
        ]
      },
      "/home/mb/ror-simple-project/app/mailers/reminder_mailer.rb": {
        "lines": [
          1,
          null,
          null,
          null,
          null,
          null,
          1,
          2,
          2,
          2,
          2,
          null,
          null,
          null
        ]
      },
      "/home/mb/ror-simple-project/spec/models/book_spec.rb": {
        "lines": [
          1,
          null,
          1,
          1,
          4,
          1,
          1,
          null,
          null,
          1,
          1,
          1,
          null,
          null,
          1,
          1,
          1,
          1,
          1,
          1,
          1,
          null,
          null,
          null,
          1,
          5,
          null,
          1,
          1,
          1,
          null,
          null,
          1,
          1,
          1,
          null,
          null,
          1,
          1,
          1,
          null,
          1,
          1,
          null,
          1,
          1,
          null,
          null,
          1,
          1,
          1,
          null,
          1,
          1,
          null,
          null,
          null,
          1,
          3,
          3,
          1,
          1,
          1,
          null,
          null,
          1,
          1,
          1,
          1,
          null,
          null,
          null
        ]
      },
      "/home/mb/ror-simple-project/spec/models/bookissue_spec.rb": {
        "lines": [
          1,
          null,
          null,
          null,
          null
        ]
      },
      "/home/mb/ror-simple-project/spec/requests/books_spec.rb": {
        "lines": [
          1,
          null,
          1,
          1,
          2,
          1,
          1,
          1,
          1,
          null,
          null,
          null,
          1,
          2,
          1,
          1,
          1,
          1,
          null,
          null,
          null
        ]
      },
      "/home/mb/ror-simple-project/spec/requests/issuebook_spec.rb": {
        "lines": [
          1,
          null,
          1,
          1,
          1,
          1,
          1,
          null,
          null,
          null
        ]
      },
      "/home/mb/ror-simple-project/spec/views/home/index.html.erb_spec.rb": {
        "lines": [
          1,
          null,
          1,
          null,
          1,
          1,
          1,
          1,
          null,
          null
        ]
      },
      "/home/mb/ror-simple-project/spec/views/issuebook/viewissuedbooks.html.erb_spec.rb": {
        "lines": [
          1,
          null,
          null,
          null,
          null
        ]
      },
      "/home/mb/ror-simple-project/app/models/bookissue.rb": {
        "lines": [
          1,
          1,
          1,
          null
        ]
      },
      "/home/mb/ror-simple-project/app/controllers/home_controller.rb": {
        "lines": [
          1,
          1,
          12,
          8,
          null,
          null,
          null
        ]
      },
      "/home/mb/ror-simple-project/app/controllers/issuebook_controller.rb": {
        "lines": [
          1,
          1,
          2,
          2,
          1,
          null,
          1,
          1,
          null,
          null,
          null,
          null,
          null,
          null,
          1,
          1,
          1,
          null,
          null,
          null,
          1,
          null,
          null,
          1,
          1,
          null,
          null
        ]
      }
    },
    "timestamp": 1620029761
  }
}
